<?xml version="1.0" encoding="UTF-8"?>
<!-- Generated by org.testng.reporters.JUnitXMLReporter -->
<testsuite hostname="iTi-PC" name="Test" tests="3" failures="0" timestamp="8 Dec 2018 14:56:59 GMT" time="16.487" errors="0">
  <testcase name="logintosite" time="10.195" classname="automatedtests.InvalidLogin"/>
  <testcase name="logintosite" time="6.063" classname="automatedtests.ValidLogin"/>
  <testcase name="logintosite" time="0.191" classname="automatedtests.CheckingDashboard"/>
</testsuite> <!-- Test -->
